androidBluetoothSerial/build/intermediates/manifest_merge_blame_file/debug/manifest-merger-blame-debug-report.txt
1<?xml version="1.0" encoding="utf-8"?>
2<manifest xmlns:android="http://schemas.android.com/apk/res/android"
3    package="com.litecdows.androidbluetoothserial" >
4
5    <uses-sdk
6        android:minSdkVersion="24"
6-->src\main\AndroidManifest.xml
7        android:targetSdkVersion="32" />
7-->src\main\AndroidManifest.xml
8
9    <uses-permission android:name="android.permission.BLUETOOTH" />
9-->src\main\AndroidManifest.xml:3:5-68
9-->src\main\AndroidManifest.xml:3:22-65
10    <uses-permission android:name="android.permission.BLUETOOTH_ADMIN" />
10-->src\main\AndroidManifest.xml:4:5-74
10-->src\main\AndroidManifest.xml:4:22-71
11    <uses-permission android:name="android.permission.BLUETOOTH_CONNECT" />
11-->src\main\AndroidManifest.xml:5:5-76
11-->src\main\AndroidManifest.xml:5:22-73
12    <uses-permission android:name="android.permission.BLUETOOTH_SCAN" />
12-->src\main\AndroidManifest.xml:6:5-73
12-->src\main\AndroidManifest.xml:6:22-70
13
14</manifest>